<?xml version="1.0" encoding="UTF-8"?>
<testng-results skipped="0" failed="1" ignored="0" total="1" passed="0">
  <reporter-output>
  </reporter-output>
  <suite name="Default suite" duration-ms="1673" started-at="2019-06-01T06:55:16Z" finished-at="2019-06-01T06:55:18Z">
    <groups>
    </groups>
    <test name="Default test" duration-ms="1673" started-at="2019-06-01T06:55:16Z" finished-at="2019-06-01T06:55:18Z">
      <class name="com.sussex.testMethods.TC01_verifyRegistrationPage">
        <test-method status="PASS" signature="setUp()[pri:0, instance:com.sussex.testMethods.TC01_verifyRegistrationPage@6a4f787b]" name="setUp" is-config="true" duration-ms="14826" started-at="2019-06-01T07:55:01Z" finished-at="2019-06-01T07:55:16Z">
          <reporter-output>
          </reporter-output>
        </test-method> <!-- setUp -->
        <test-method status="FAIL" signature="TS01_verifyTudentAbleToRegister(java.lang.String, java.lang.String, java.lang.String, java.lang.String, java.lang.String, java.lang.String, java.lang.String, java.lang.String)[pri:0, instance:com.sussex.testMethods.TC01_verifyRegistrationPage@6a4f787b]" name="TS01_verifyTudentAbleToRegister" duration-ms="1620" started-at="2019-06-01T07:55:16Z" data-provider="Register" finished-at="2019-06-01T07:55:18Z">
          <exception class="org.testng.internal.reflect.MethodMatcherException">
            <message>
              <![CDATA[
Data provider mismatch
Method: TS01_verifyTudentAbleToRegister([Parameter{index=0, type=java.lang.String, declaredAnnotations=[]}, Parameter{index=1, type=java.lang.String, declaredAnnotations=[]}, Parameter{index=2, type=java.lang.String, declaredAnnotations=[]}, Parameter{index=3, type=java.lang.String, declaredAnnotations=[]}, Parameter{index=4, type=java.lang.String, declaredAnnotations=[]}, Parameter{index=5, type=java.lang.String, declaredAnnotations=[]}, Parameter{index=6, type=java.lang.String, declaredAnnotations=[]}, Parameter{index=7, type=java.lang.String, declaredAnnotations=[]}])
Arguments: [(java.lang.String)Foster,(java.lang.String)Guinnesse,(java.lang.String)33125.0,(java.lang.String)M,(java.lang.String)pankaj.missguided+0019@gmail.com,(java.lang.String)UnitedKingdom,(java.lang.String)Pa55w0rd#,(java.lang.String)Pa55w0rd#,(java.lang.String)Y]]]>
            </message>
            <full-stacktrace>
              <![CDATA[org.testng.internal.reflect.MethodMatcherException: 
Data provider mismatch
Method: TS01_verifyTudentAbleToRegister([Parameter{index=0, type=java.lang.String, declaredAnnotations=[]}, Parameter{index=1, type=java.lang.String, declaredAnnotations=[]}, Parameter{index=2, type=java.lang.String, declaredAnnotations=[]}, Parameter{index=3, type=java.lang.String, declaredAnnotations=[]}, Parameter{index=4, type=java.lang.String, declaredAnnotations=[]}, Parameter{index=5, type=java.lang.String, declaredAnnotations=[]}, Parameter{index=6, type=java.lang.String, declaredAnnotations=[]}, Parameter{index=7, type=java.lang.String, declaredAnnotations=[]}])
Arguments: [(java.lang.String)Foster,(java.lang.String)Guinnesse,(java.lang.String)33125.0,(java.lang.String)M,(java.lang.String)pankaj.missguided+0019@gmail.com,(java.lang.String)UnitedKingdom,(java.lang.String)Pa55w0rd#,(java.lang.String)Pa55w0rd#,(java.lang.String)Y]
	at org.testng.internal.reflect.DataProviderMethodMatcher.getConformingArguments(DataProviderMethodMatcher.java:52)
	at org.testng.internal.Invoker.injectParameters(Invoker.java:1278)
	at org.testng.internal.Invoker.invokeTestMethods(Invoker.java:1171)
	at org.testng.internal.TestMethodWorker.invokeTestMethods(TestMethodWorker.java:129)
	at org.testng.internal.TestMethodWorker.run(TestMethodWorker.java:112)
	at org.testng.TestRunner.privateRun(TestRunner.java:756)
	at org.testng.TestRunner.run(TestRunner.java:610)
	at org.testng.SuiteRunner.runTest(SuiteRunner.java:387)
	at org.testng.SuiteRunner.runSequentially(SuiteRunner.java:382)
	at org.testng.SuiteRunner.privateRun(SuiteRunner.java:340)
	at org.testng.SuiteRunner.run(SuiteRunner.java:289)
	at org.testng.SuiteRunnerWorker.runSuite(SuiteRunnerWorker.java:52)
	at org.testng.SuiteRunnerWorker.run(SuiteRunnerWorker.java:86)
	at org.testng.TestNG.runSuitesSequentially(TestNG.java:1293)
	at org.testng.TestNG.runSuitesLocally(TestNG.java:1218)
	at org.testng.TestNG.runSuites(TestNG.java:1133)
	at org.testng.TestNG.run(TestNG.java:1104)
	at org.testng.remote.AbstractRemoteTestNG.run(AbstractRemoteTestNG.java:115)
	at org.testng.remote.RemoteTestNG.initAndRun(RemoteTestNG.java:251)
	at org.testng.remote.RemoteTestNG.main(RemoteTestNG.java:77)
]]>
            </full-stacktrace>
          </exception> <!-- org.testng.internal.reflect.MethodMatcherException -->
          <reporter-output>
          </reporter-output>
        </test-method> <!-- TS01_verifyTudentAbleToRegister -->
        <test-method status="PASS" signature="closeBrowser()[pri:0, instance:com.sussex.testMethods.TC01_verifyRegistrationPage@6a4f787b]" name="closeBrowser" is-config="true" duration-ms="4582" started-at="2019-06-01T07:55:18Z" finished-at="2019-06-01T07:55:23Z">
          <reporter-output>
          </reporter-output>
        </test-method> <!-- closeBrowser -->
      </class> <!-- com.sussex.testMethods.TC01_verifyRegistrationPage -->
    </test> <!-- Default test -->
  </suite> <!-- Default suite -->
</testng-results>
